<?xml version="1.0" encoding="UTF-8"?>
<!-- Generated by org.testng.reporters.JUnitXMLReporter -->
<testsuite ignored="0" hostname="DESKTOP-K1R7T5H" failures="0" tests="2" name="Error Validation Test" time="9.866" errors="0" timestamp="2025-01-25T11:23:58 IST">
  <testcase classname="tr_technologies.Tests.ErrorValidationsTest" name="LoginErrorValidation" time="0.704"/>
  <testcase classname="tr_technologies.Tests.ErrorValidationsTest" name="ProductErrorValidation" time="2.398"/>
</testsuite> <!-- Error Validation Test -->
