<?xml version="1.0" encoding="UTF-8"?>
<!-- Generated by org.testng.reporters.JUnitXMLReporter -->
<testsuite ignored="0" hostname="DESKTOP-K1R7T5H" failures="0" tests="3" name="Submit Order Test" time="15.865" errors="0" timestamp="2025-01-25T11:24:04 IST">
  <testcase classname="tr_technologies.Tests.SubmitOrderTest" name="submitOrder" time="3.372"/>
  <testcase classname="tr_technologies.Tests.SubmitOrderTest" name="submitOrder" time="2.882"/>
  <testcase classname="tr_technologies.Tests.SubmitOrderTest" name="OrderHistoryTest" time="0.655"/>
</testsuite> <!-- Submit Order Test -->
