<?xml version="1.0" encoding="UTF-8"?>
<testng-results ignored="0" total="5" passed="5" failed="0" skipped="0">
  <reporter-output>
  </reporter-output>
  <suite started-at="2025-01-25T11:23:48 IST" name="Suite" finished-at="2025-01-25T11:24:04 IST" duration-ms="15865">
    <groups>
      <group name="ErrorHandling">
        <method signature="ErrorValidationsTest.LoginErrorValidation()[pri:0, instance:tr_technologies.Tests.ErrorValidationsTest@2584b82d]" name="LoginErrorValidation" class="tr_technologies.Tests.ErrorValidationsTest"/>
      </group> <!-- ErrorHandling -->
      <group name="Purchase">
        <method signature="SubmitOrderTest.submitOrder(java.util.HashMap)[pri:0, instance:tr_technologies.Tests.SubmitOrderTest@2a693f59]" name="submitOrder" class="tr_technologies.Tests.SubmitOrderTest"/>
      </group> <!-- Purchase -->
    </groups>
    <test started-at="2025-01-25T11:23:48 IST" name="Error Validation Test" finished-at="2025-01-25T11:23:58 IST" duration-ms="9866">
      <class name="tr_technologies.Tests.ErrorValidationsTest">
        <test-method is-config="true" signature="launchApplication()[pri:0, instance:tr_technologies.Tests.ErrorValidationsTest@2584b82d]" started-at="2025-01-25T11:23:48 IST" name="launchApplication" finished-at="2025-01-25T11:23:51 IST" duration-ms="3062" status="PASS">
          <reporter-output>
          </reporter-output>
        </test-method> <!-- launchApplication -->
        <test-method signature="LoginErrorValidation()[pri:0, instance:tr_technologies.Tests.ErrorValidationsTest@2584b82d]" started-at="2025-01-25T11:23:51 IST" name="LoginErrorValidation" finished-at="2025-01-25T11:23:52 IST" duration-ms="704" status="PASS">
          <reporter-output>
          </reporter-output>
        </test-method> <!-- LoginErrorValidation -->
        <test-method is-config="true" signature="tearDown()[pri:0, instance:tr_technologies.Tests.ErrorValidationsTest@2584b82d]" started-at="2025-01-25T11:23:52 IST" name="tearDown" finished-at="2025-01-25T11:23:52 IST" duration-ms="116" status="PASS">
          <reporter-output>
          </reporter-output>
        </test-method> <!-- tearDown -->
        <test-method is-config="true" signature="launchApplication()[pri:0, instance:tr_technologies.Tests.ErrorValidationsTest@2584b82d]" started-at="2025-01-25T11:23:52 IST" name="launchApplication" finished-at="2025-01-25T11:23:55 IST" duration-ms="3329" status="PASS">
          <reporter-output>
          </reporter-output>
        </test-method> <!-- launchApplication -->
        <test-method signature="ProductErrorValidation()[pri:0, instance:tr_technologies.Tests.ErrorValidationsTest@2584b82d]" started-at="2025-01-25T11:23:55 IST" name="ProductErrorValidation" finished-at="2025-01-25T11:23:58 IST" duration-ms="2398" status="PASS">
          <reporter-output>
          </reporter-output>
        </test-method> <!-- ProductErrorValidation -->
        <test-method is-config="true" signature="tearDown()[pri:0, instance:tr_technologies.Tests.ErrorValidationsTest@2584b82d]" started-at="2025-01-25T11:23:58 IST" name="tearDown" finished-at="2025-01-25T11:23:58 IST" duration-ms="216" status="PASS">
          <reporter-output>
          </reporter-output>
        </test-method> <!-- tearDown -->
      </class> <!-- tr_technologies.Tests.ErrorValidationsTest -->
    </test> <!-- Error Validation Test -->
    <test started-at="2025-01-25T11:23:48 IST" name="Submit Order Test" finished-at="2025-01-25T11:24:04 IST" duration-ms="15865">
      <class name="tr_technologies.Tests.SubmitOrderTest">
        <test-method is-config="true" signature="launchApplication()[pri:0, instance:tr_technologies.Tests.SubmitOrderTest@2a693f59]" started-at="2025-01-25T11:23:48 IST" name="launchApplication" finished-at="2025-01-25T11:23:53 IST" duration-ms="4706" status="PASS">
          <reporter-output>
          </reporter-output>
        </test-method> <!-- launchApplication -->
        <test-method signature="submitOrder(java.util.HashMap)[pri:0, instance:tr_technologies.Tests.SubmitOrderTest@2a693f59]" started-at="2025-01-25T11:23:53 IST" name="submitOrder" data-provider="getData" finished-at="2025-01-25T11:23:56 IST" duration-ms="3372" status="PASS">
          <params>
            <param index="0">
              <value>
                <![CDATA[{password=Tejas@123, product=IPHONE 13 PRO, email=tejas_random@gmail.com}]]>
              </value>
            </param>
          </params>
          <reporter-output>
          </reporter-output>
        </test-method> <!-- submitOrder -->
        <test-method is-config="true" signature="tearDown()[pri:0, instance:tr_technologies.Tests.SubmitOrderTest@2a693f59]" started-at="2025-01-25T11:23:56 IST" name="tearDown" finished-at="2025-01-25T11:23:56 IST" duration-ms="154" status="PASS">
          <reporter-output>
          </reporter-output>
        </test-method> <!-- tearDown -->
        <test-method is-config="true" signature="launchApplication()[pri:0, instance:tr_technologies.Tests.SubmitOrderTest@2a693f59]" started-at="2025-01-25T11:23:56 IST" name="launchApplication" finished-at="2025-01-25T11:23:58 IST" duration-ms="2064" status="PASS">
          <reporter-output>
          </reporter-output>
        </test-method> <!-- launchApplication -->
        <test-method signature="submitOrder(java.util.HashMap)[pri:0, instance:tr_technologies.Tests.SubmitOrderTest@2a693f59]" started-at="2025-01-25T11:23:58 IST" name="submitOrder" data-provider="getData" finished-at="2025-01-25T11:24:01 IST" duration-ms="2882" status="PASS">
          <params>
            <param index="0">
              <value>
                <![CDATA[{password=@Tejas123, product=BANARSI SAREE, email=tejascart@gmail.com}]]>
              </value>
            </param>
          </params>
          <reporter-output>
          </reporter-output>
        </test-method> <!-- submitOrder -->
        <test-method is-config="true" signature="tearDown()[pri:0, instance:tr_technologies.Tests.SubmitOrderTest@2a693f59]" started-at="2025-01-25T11:24:01 IST" name="tearDown" finished-at="2025-01-25T11:24:01 IST" duration-ms="89" status="PASS">
          <reporter-output>
          </reporter-output>
        </test-method> <!-- tearDown -->
        <test-method is-config="true" signature="launchApplication()[pri:0, instance:tr_technologies.Tests.SubmitOrderTest@2a693f59]" started-at="2025-01-25T11:24:01 IST" name="launchApplication" finished-at="2025-01-25T11:24:03 IST" duration-ms="1644" status="PASS">
          <reporter-output>
          </reporter-output>
        </test-method> <!-- launchApplication -->
        <test-method signature="OrderHistoryTest()[pri:0, instance:tr_technologies.Tests.SubmitOrderTest@2a693f59]" started-at="2025-01-25T11:24:03 IST" name="OrderHistoryTest" finished-at="2025-01-25T11:24:04 IST" depends-on-methods="tr_technologies.Tests.SubmitOrderTest.submitOrder" duration-ms="655" status="PASS">
          <reporter-output>
          </reporter-output>
        </test-method> <!-- OrderHistoryTest -->
        <test-method is-config="true" signature="tearDown()[pri:0, instance:tr_technologies.Tests.SubmitOrderTest@2a693f59]" started-at="2025-01-25T11:24:04 IST" name="tearDown" finished-at="2025-01-25T11:24:04 IST" duration-ms="75" status="PASS">
          <reporter-output>
          </reporter-output>
        </test-method> <!-- tearDown -->
      </class> <!-- tr_technologies.Tests.SubmitOrderTest -->
    </test> <!-- Submit Order Test -->
  </suite> <!-- Suite -->
</testng-results>
